TN:
SF:src/AIAssessor.sol
DA:79,8
FN:79,AIAssessor.onlyProtocolRole
FNDA:8,AIAssessor.onlyProtocolRole
DA:80,8
BRDA:80,0,0,2
DA:81,2
DA:87,176
FN:87,AIAssessor.constructor
FNDA:176,AIAssessor.constructor
DA:88,176
BRDA:88,1,0,1
DA:89,175
DA:90,175
DA:91,175
DA:98,543
FN:98,AIAssessor.publishAssessment
FNDA:543,AIAssessor.publishAssessment
DA:107,542
BRDA:107,2,0,1
DA:108,541
BRDA:108,3,0,1
DA:109,540
BRDA:109,4,0,1
DA:110,539
BRDA:110,5,0,1
DA:112,538
DA:122,538
DA:130,8
FN:130,AIAssessor.setAnomalyThreshold
FNDA:8,AIAssessor.setAnomalyThreshold
DA:131,6
BRDA:131,6,0,2
DA:132,2
DA:134,4
DA:135,4
DA:141,290
FN:141,AIAssessor.hasAssessment
FNDA:290,AIAssessor.hasAssessment
DA:142,290
DA:146,546
FN:146,AIAssessor.getAssessment
FNDA:546,AIAssessor.getAssessment
DA:147,546
DA:148,546
BRDA:148,7,0,1
DA:149,545
DA:153,290
FN:153,AIAssessor.isAnomalous
FNDA:290,AIAssessor.isAnomalous
DA:154,290
DA:155,290
BRDA:155,8,0,1
DA:156,289
FNF:7
FNH:7
LF:30
LH:30
BRF:9
BRH:9
end_of_record
TN:
SF:src/AdapterRegistry.sol
DA:94,3
FN:94,AdapterRegistry.onlyProtocolRole
FNDA:3,AdapterRegistry.onlyProtocolRole
DA:95,3
BRDA:95,0,0,1
DA:96,1
DA:102,123
FN:102,AdapterRegistry.constructor
FNDA:123,AdapterRegistry.constructor
DA:103,123
BRDA:103,1,0,1
DA:104,122
DA:110,16
FN:110,AdapterRegistry.registerAdapter
FNDA:16,AdapterRegistry.registerAdapter
DA:117,15
BRDA:117,2,0,4
DA:118,4
DA:120,11
BRDA:120,3,0,1
DA:121,1
DA:124,10
DA:125,10
DA:135,10
DA:137,10
DA:141,3
FN:141,AdapterRegistry.setExposureCap
FNDA:3,AdapterRegistry.setExposureCap
DA:145,2
DA:146,2
BRDA:146,4,0,1
DA:147,1
DA:148,1
DA:149,1
DA:153,1
FN:153,AdapterRegistry.setMetadata
FNDA:1,AdapterRegistry.setMetadata
DA:154,1
BRDA:154,5,0,-
DA:155,1
DA:156,1
BRDA:156,6,0,-
DA:157,1
DA:158,1
DA:159,1
DA:165,7
FN:165,AdapterRegistry.activateAdapter
FNDA:7,AdapterRegistry.activateAdapter
DA:166,5
DA:167,5
BRDA:167,7,0,1
DA:168,1
DA:170,4
DA:171,4
DA:172,4
DA:177,2
FN:177,AdapterRegistry.disableAdapter
FNDA:2,AdapterRegistry.disableAdapter
DA:178,2
DA:179,2
BRDA:179,8,0,1
DA:180,1
DA:181,1
DA:182,1
DA:186,1
FN:186,AdapterRegistry.deprecateAdapter
FNDA:1,AdapterRegistry.deprecateAdapter
DA:187,1
DA:188,1
BRDA:188,9,0,-
DA:189,1
DA:190,1
DA:191,1
DA:197,7
FN:197,AdapterRegistry.isAdapterActive
FNDA:7,AdapterRegistry.isAdapterActive
DA:198,7
DA:202,8
FN:202,AdapterRegistry.getAdapter
FNDA:8,AdapterRegistry.getAdapter
DA:203,8
DA:204,8
BRDA:204,10,0,3
DA:205,5
DA:209,1
FN:209,AdapterRegistry.getAdapterIds
FNDA:1,AdapterRegistry.getAdapterIds
DA:210,1
DA:214,101
FN:214,AdapterRegistry.getAdapterCount
FNDA:101,AdapterRegistry.getAdapterCount
DA:215,101
DA:220,11
FN:220,AdapterRegistry._getAdapter
FNDA:11,AdapterRegistry._getAdapter
DA:221,11
DA:222,11
BRDA:222,11,0,-
FNF:13
FNH:13
LF:60
LH:60
BRF:12
BRH:8
end_of_record
TN:
SF:src/BordereauOracle.sol
DA:123,3
FN:123,BordereauOracle.onlyProtocolRole
FNDA:3,BordereauOracle.onlyProtocolRole
DA:124,3
BRDA:124,0,0,1
DA:125,1
DA:131,125
FN:131,BordereauOracle.constructor
FNDA:125,BordereauOracle.constructor
DA:132,125
BRDA:132,1,0,-
DA:133,0
DA:135,125
DA:136,125
DA:138,125
DA:139,125
DA:145,4
FN:145,BordereauOracle.setLiveness
FNDA:4,BordereauOracle.setLiveness
DA:146,3
BRDA:146,2,0,2
DA:147,2
DA:149,1
DA:150,1
DA:157,278
FN:157,BordereauOracle.proposeAssertion
FNDA:278,BordereauOracle.proposeAssertion
DA:165,278
DA:166,2
DA:167,1
BRDA:167,3,0,1
DA:168,1
DA:170,277
BRDA:170,4,0,1
DA:172,276
DA:174,275
DA:175,275
DA:176,275
DA:178,275
DA:192,275
DA:199,6
FN:199,BordereauOracle.disputeAssertion
FNDA:6,BordereauOracle.disputeAssertion
DA:200,5
DA:201,5
BRDA:201,5,0,1
DA:202,1
DA:204,4
BRDA:204,6,0,1
DA:205,1
DA:208,3
DA:209,3
DA:210,3
DA:216,3
FN:216,BordereauOracle.resolveDispute
FNDA:3,BordereauOracle.resolveDispute
DA:217,2
DA:218,2
BRDA:218,7,0,-
DA:219,0
DA:222,1
BRDA:222,8,0,1
BRDA:222,8,1,1
DA:223,1
DA:224,1
DA:226,1
DA:228,2
DA:235,267
FN:235,BordereauOracle.finalizeAssertion
FNDA:267,BordereauOracle.finalizeAssertion
DA:236,267
DA:237,267
BRDA:237,9,0,2
DA:238,2
DA:240,265
BRDA:240,10,0,125
DA:241,125
DA:243,140
DA:249,262
FN:249,BordereauOracle.getAssertion
FNDA:262,BordereauOracle.getAssertion
DA:250,262
DA:251,262
BRDA:251,11,0,-
DA:252,262
DA:256,113
FN:256,BordereauOracle.getAssertionCount
FNDA:113,BordereauOracle.getAssertionCount
DA:257,113
DA:261,135
FN:261,BordereauOracle.isFinalized
FNDA:135,BordereauOracle.isFinalized
DA:262,135
DA:267,15
FN:267,BordereauOracle.latestFinalized
FNDA:15,BordereauOracle.latestFinalized
DA:272,15
BRDA:272,12,0,11
DA:273,11
DA:275,4
DA:280,141
FN:280,BordereauOracle._finalize
FNDA:141,BordereauOracle._finalize
DA:281,141
DA:282,141
DA:283,141
DA:284,141
DA:287,274
FN:287,BordereauOracle._getAssertion
FNDA:274,BordereauOracle._getAssertion
DA:288,274
DA:289,274
BRDA:289,13,0,-
FNF:13
FNH:13
LF:72
LH:70
BRF:15
BRH:11
end_of_record
TN:
SF:src/ClaimManager.sol
DA:158,3845
FN:158,ClaimManager.onlyProtocolRole
FNDA:3845,ClaimManager.onlyProtocolRole
DA:159,3845
BRDA:159,0,0,1
DA:160,1
DA:166,143
FN:166,ClaimManager.constructor
FNDA:143,ClaimManager.constructor
DA:168,143
DA:169,143
DA:170,0
BRDA:170,1,0,-
DA:171,0
DA:173,143
DA:174,143
DA:175,143
DA:176,143
DA:178,143
DA:179,143
DA:186,2
FN:186,ClaimManager.setDisputeWindow
FNDA:2,ClaimManager.setDisputeWindow
DA:187,2
BRDA:187,2,0,1
DA:188,1
DA:190,1
DA:191,1
DA:199,3845
FN:199,ClaimManager.submitClaim
FNDA:3845,ClaimManager.submitClaim
DA:204,3844
BRDA:204,3,0,-
DA:205,0
DA:208,3844
DA:209,3844
BRDA:209,4,0,1
DA:211,3843
DA:212,0
DA:213,0
DA:214,0
BRDA:214,5,0,-
DA:215,0
DA:217,3843
BRDA:217,6,0,1
DA:218,1
DA:221,3842
DA:222,3842
DA:223,3842
DA:225,3842
DA:241,3842
DA:250,277
FN:250,ClaimManager.attachAssessment
FNDA:277,ClaimManager.attachAssessment
DA:251,277
DA:252,277
BRDA:252,7,0,-
DA:253,277
BRDA:253,8,0,-
DA:255,277
DA:256,277
DA:258,277
DA:260,277
BRDA:260,9,0,1
DA:261,1
DA:262,1
DA:263,1
DA:270,2
FN:270,ClaimManager.disputeClaim
FNDA:2,ClaimManager.disputeClaim
DA:271,2
DA:272,2
BRDA:272,10,0,-
DA:273,0
DA:275,2
DA:276,2
DA:277,2
DA:281,1
FN:281,ClaimManager.freezeClaim
FNDA:1,ClaimManager.freezeClaim
DA:282,1
DA:283,1
BRDA:283,11,0,-
DA:284,0
DA:286,1
DA:287,1
DA:292,1
FN:292,ClaimManager.unfreezeClaim
FNDA:1,ClaimManager.unfreezeClaim
DA:293,1
DA:294,1
BRDA:294,12,0,-
DA:295,1
DA:296,1
DA:303,3
FN:303,ClaimManager.resolveDispute
FNDA:3,ClaimManager.resolveDispute
DA:304,2
DA:305,2
BRDA:305,13,0,-
DA:307,1
BRDA:307,14,0,1
BRDA:307,14,1,1
DA:308,1
DA:310,1
DA:311,1
DA:313,2
DA:322,3843
FN:322,ClaimManager.approveClaim
FNDA:3843,ClaimManager.approveClaim
DA:323,3840
DA:324,1
BRDA:324,15,0,1
DA:325,3839
BRDA:325,16,0,71
DA:326,71
DA:329,3768
BRDA:329,17,0,200
BRDA:329,17,1,3568
DA:331,200
BRDA:331,18,0,2
DA:333,198
BRDA:333,19,0,2
DA:334,2
DA:338,3568
BRDA:338,20,0,-
DA:339,0
DA:343,3764
DA:344,3764
DA:347,3764
DA:353,3763
DA:354,3763
DA:356,3763
DA:361,1
FN:361,ClaimManager.rejectClaim
FNDA:1,ClaimManager.rejectClaim
DA:362,1
DA:363,1
BRDA:363,21,0,-
DA:364,0
DA:367,1
BRDA:367,22,0,1
DA:368,1
DA:369,1
DA:372,1
DA:373,1
DA:381,3573
FN:381,ClaimManager.executeClaim
FNDA:3573,ClaimManager.executeClaim
DA:382,3573
DA:383,3573
BRDA:383,23,0,1
DA:384,1
BRDA:384,24,0,1
DA:388,3571
DA:390,3571
DA:393,3571
DA:395,3571
DA:401,211
FN:401,ClaimManager.getClaim
FNDA:211,ClaimManager.getClaim
DA:402,211
DA:403,211
BRDA:403,25,0,2
DA:404,209
DA:408,100
FN:408,ClaimManager.getClaimCount
FNDA:100,ClaimManager.getClaimCount
DA:409,100
DA:414,7697
FN:414,ClaimManager._getClaim
FNDA:7697,ClaimManager._getClaim
DA:415,7697
DA:416,7697
BRDA:416,26,0,-
FNF:15
FNH:15
LF:116
LH:105
BRF:29
BRH:17
end_of_record
TN:
SF:src/ClaimReceipt.sol
DA:67,440
FN:67,ClaimReceipt.setAuthorizedMinter
FNDA:440,ClaimReceipt.setAuthorizedMinter
DA:68,440
BRDA:68,0,0,316
BRDA:68,0,1,1
DA:70,316
DA:71,124
BRDA:71,1,0,123
BRDA:71,1,1,1
DA:73,123
DA:75,1
DA:77,439
DA:82,127
FN:82,ClaimReceipt.setRegistrar
FNDA:127,ClaimReceipt.setRegistrar
DA:83,127
DA:84,127
DA:95,3775
FN:95,ClaimReceipt.mint
FNDA:3775,ClaimReceipt.mint
DA:99,3775
BRDA:99,2,0,1
DA:100,1
DA:103,3774
DA:105,3774
DA:114,3774
DA:116,3774
DA:124,3577
FN:124,ClaimReceipt.markExercised
FNDA:3577,ClaimReceipt.markExercised
DA:125,3577
DA:127,3577
BRDA:127,3,0,1
DA:128,3576
BRDA:128,4,0,1
DA:129,1
DA:131,1
BRDA:131,5,0,1
DA:134,3574
DA:137,3574
DA:139,3574
DA:147,5
FN:147,ClaimReceipt.getReceipt
FNDA:5,ClaimReceipt.getReceipt
DA:148,5
DA:149,5
BRDA:149,6,0,1
DA:150,4
DA:158,7350
FN:158,ClaimReceipt._update
FNDA:7350,ClaimReceipt._update
DA:159,7350
DA:160,7350
BRDA:160,7,0,2
DA:161,2
DA:163,7348
FNF:6
FNH:6
LF:35
LH:35
BRF:10
BRH:10
end_of_record
TN:
SF:src/ComplianceRegistry.sol
DA:95,526
FN:95,ComplianceRegistry.onlyProtocolRole
FNDA:526,ComplianceRegistry.onlyProtocolRole
DA:96,526
BRDA:96,0,0,1
DA:97,1
DA:103,364
FN:103,ComplianceRegistry.constructor
FNDA:364,ComplianceRegistry.constructor
DA:104,364
BRDA:104,1,0,1
DA:105,363
DA:111,2154
FN:111,ComplianceRegistry.setWhitelist
FNDA:2154,ComplianceRegistry.setWhitelist
DA:112,2153
BRDA:112,2,0,1
DA:113,2152
DA:114,2152
DA:118,47
FN:118,ComplianceRegistry.setJurisdiction
FNDA:47,ComplianceRegistry.setJurisdiction
DA:119,46
BRDA:119,3,0,-
DA:120,46
DA:121,46
DA:125,2149
FN:125,ComplianceRegistry.setKycExpiry
FNDA:2149,ComplianceRegistry.setKycExpiry
DA:126,2148
BRDA:126,4,0,1
DA:127,2147
DA:128,2147
DA:133,3
FN:133,ComplianceRegistry.setInvestorLimit
FNDA:3,ComplianceRegistry.setInvestorLimit
DA:134,2
BRDA:134,5,0,-
DA:135,2
DA:136,2
DA:142,830
FN:142,ComplianceRegistry.setApprovedVenue
FNDA:830,ComplianceRegistry.setApprovedVenue
DA:143,829
BRDA:143,6,0,1
DA:144,828
DA:145,828
DA:152,526
FN:152,ComplianceRegistry.setBlocked
FNDA:526,ComplianceRegistry.setBlocked
DA:153,525
BRDA:153,7,0,-
DA:154,525
DA:155,525
DA:161,21765
FN:161,ComplianceRegistry.canReceive
FNDA:21765,ComplianceRegistry.canReceive
DA:162,772
BRDA:162,8,0,772
DA:163,3
BRDA:163,9,0,3
DA:164,21251
BRDA:164,10,0,13
DA:165,21238
BRDA:165,11,0,102
DA:166,21136
DA:174,776
FN:174,ComplianceRegistry.canTransfer
FNDA:776,ComplianceRegistry.canTransfer
DA:176,776
BRDA:176,12,0,514
DA:177,262
BRDA:177,13,0,1
DA:178,261
DA:184,5
FN:184,ComplianceRegistry.requireCanReceive
FNDA:5,ComplianceRegistry.requireCanReceive
DA:185,2
BRDA:185,14,0,2
DA:186,14783
BRDA:186,15,0,14783
DA:187,9556
BRDA:187,16,0,4
DA:188,9552
DA:189,9552
BRDA:189,17,0,1
DA:193,18276
FN:193,ComplianceRegistry.requireCanTransfer
FNDA:18276,ComplianceRegistry.requireCanTransfer
DA:195,18276
BRDA:195,18,0,2
DA:196,18274
BRDA:196,19,0,18274
DA:197,14780
DA:201,8927
FN:201,ComplianceRegistry.isBlocked
FNDA:8927,ComplianceRegistry.isBlocked
DA:202,8927
DA:206,14639
FN:206,ComplianceRegistry.investorLimit
FNDA:14639,ComplianceRegistry.investorLimit
DA:207,14639
FNF:14
FNH:14
LF:54
LH:54
BRF:20
BRH:17
end_of_record
TN:
SF:src/InsuranceVault.sol
DA:238,3
FN:238,InsuranceVault.onlyProtocolRole
FNDA:3,InsuranceVault.onlyProtocolRole
DA:239,3
BRDA:239,0,0,1
DA:240,1
DA:246,584
FN:246,InsuranceVault.onlyVaultManager
FNDA:584,InsuranceVault.onlyVaultManager
DA:247,584
BRDA:247,1,0,2
DA:248,582
BRDA:248,2,0,1
DA:249,1
DA:255,3578
FN:255,InsuranceVault.onlyClaimManager
FNDA:3578,InsuranceVault.onlyClaimManager
DA:256,3578
BRDA:256,3,0,4
DA:261,3396
FN:261,InsuranceVault.onlyVaultAllocator
FNDA:3396,InsuranceVault.onlyVaultAllocator
DA:262,3396
BRDA:262,4,0,2
DA:266,8186
FN:266,InsuranceVault.checkExpiredPolicies
FNDA:8186,InsuranceVault.checkExpiredPolicies
DA:267,8186
DA:293,329
FN:293,InsuranceVault.constructor
FNDA:329,InsuranceVault.constructor
DA:294,329
BRDA:294,5,0,1
DA:296,328
BRDA:296,6,0,2
DA:297,2
DA:300,326
BRDA:300,7,0,1
DA:301,1
DA:303,325
BRDA:303,8,0,1
DA:305,324
DA:306,324
DA:307,324
DA:308,324
DA:309,324
DA:310,324
DA:311,324
DA:312,324
DA:313,324
DA:314,324
DA:318,324
DA:325,23053
FN:325,InsuranceVault._decimalsOffset
FNDA:23053,InsuranceVault._decimalsOffset
DA:326,23053
DA:333,18274
FN:333,InsuranceVault._update
FNDA:18274,InsuranceVault._update
DA:334,18274
DA:335,18270
DA:340,6593
FN:340,InsuranceVault.maxDeposit
FNDA:6593,InsuranceVault.maxDeposit
DA:341,14642
BRDA:341,9,0,5
DA:343,14637
DA:344,14637
BRDA:344,10,0,4
DA:345,4
DA:346,4
DA:348,14637
DA:349,14637
BRDA:349,11,0,4
DA:350,4
DA:351,4
DA:352,4
DA:354,14637
DA:358,2
FN:358,InsuranceVault.maxMint
FNDA:2,InsuranceVault.maxMint
DA:359,2
DA:360,2
BRDA:360,12,0,1
DA:361,1
DA:367,376
FN:367,InsuranceVault.totalAssets
FNDA:376,InsuranceVault.totalAssets
DA:368,23434
DA:369,23434
DA:370,23434
DA:373,23434
DA:374,23434
BRDA:374,13,0,20783
BRDA:374,13,1,2651
DA:375,20783
DA:377,2651
DA:380,20783
DA:381,20783
BRDA:381,14,0,20783
DA:382,20783
DA:384,0
DA:388,3942
FN:388,InsuranceVault.maxWithdraw
FNDA:3942,InsuranceVault.maxWithdraw
DA:389,8925
BRDA:389,15,0,4
DA:390,8921
DA:391,8921
DA:392,8921
DA:396,1485
FN:396,InsuranceVault.maxRedeem
FNDA:1485,InsuranceVault.maxRedeem
DA:397,2479
DA:398,2479
DA:407,8043
FN:407,InsuranceVault._deposit
FNDA:8043,InsuranceVault._deposit
DA:412,8043
DA:414,8043
DA:418,3495
FN:418,InsuranceVault._withdraw
FNDA:3495,InsuranceVault._withdraw
DA:423,3495
DA:425,3495
DA:426,3495
BRDA:426,16,0,-
DA:427,0
DA:430,3495
DA:438,584
FN:438,InsuranceVault.addPolicy
FNDA:584,InsuranceVault.addPolicy
DA:439,581
BRDA:439,17,0,1
DA:440,1
BRDA:440,18,0,1
DA:443,579
BRDA:443,19,0,2
DA:444,2
DA:448,577
DA:449,576
BRDA:449,20,0,1
DA:450,1
DA:453,575
DA:454,575
DA:455,575
DA:456,575
DA:457,575
DA:459,575
DA:468,575
DA:475,3915
FN:475,InsuranceVault.depositPremium
FNDA:3915,InsuranceVault.depositPremium
DA:480,3911
BRDA:480,21,0,1
DA:481,1
DA:483,3910
BRDA:483,22,0,1
DA:485,3909
DA:487,3909
DA:491,3909
BRDA:491,23,0,955
DA:492,955
BRDA:492,24,0,-
DA:493,0
DA:495,955
DA:496,955
DA:498,3909
DA:501,3909
DA:503,3909
DA:512,19462
FN:512,InsuranceVault.underwritingCapacity
FNDA:19462,InsuranceVault.underwritingCapacity
DA:513,30271
DA:514,30271
DA:515,30271
BRDA:515,25,0,887
DA:516,29384
DA:517,29384
DA:518,29384
DA:519,29384
DA:528,6263
FN:528,InsuranceVault.allocateToPortfolio
FNDA:6263,InsuranceVault.allocateToPortfolio
DA:529,6258
BRDA:529,26,0,1
DA:530,6257
BRDA:530,27,0,2
DA:531,2
DA:534,6255
DA:536,6255
DA:537,6255
BRDA:537,28,0,2
DA:539,6253
DA:540,6253
DA:541,6253
BRDA:541,29,0,1
DA:542,1
DA:545,6252
DA:546,6252
DA:547,6252
BRDA:547,30,0,2304
DA:548,2304
DA:549,2304
DA:552,6252
DA:559,3396
FN:559,InsuranceVault.deallocateFromPortfolio
FNDA:3396,InsuranceVault.deallocateFromPortfolio
DA:564,3394
BRDA:564,31,0,1
DA:565,3393
DA:566,3393
BRDA:566,32,0,1
DA:567,1
DA:570,3392
DA:572,3392
DA:573,3392
DA:574,3392
DA:576,3392
DA:587,8187
FN:587,InsuranceVault.recordPortfolioPremium
FNDA:8187,InsuranceVault.recordPortfolioPremium
DA:592,8186
BRDA:592,33,0,1
DA:593,8185
BRDA:593,34,0,1
DA:594,1
DA:597,8184
DA:599,8184
DA:600,8184
BRDA:600,35,0,2308
DA:601,2308
BRDA:601,36,0,-
DA:602,0
DA:604,2308
DA:605,2308
DA:607,8184
DA:609,8184
DA:611,8184
DA:617,164
FN:617,InsuranceVault.setClaimManager
FNDA:164,InsuranceVault.setClaimManager
DA:618,162
DA:619,162
DA:623,198
FN:623,InsuranceVault.setVaultAllocator
FNDA:198,InsuranceVault.setVaultAllocator
DA:624,196
DA:625,196
DA:633,3769
FN:633,InsuranceVault.reservePortfolioClaim
FNDA:3769,InsuranceVault.reservePortfolioClaim
DA:634,3765
BRDA:634,37,0,1
DA:636,3764
DA:638,3764
DA:639,3764
DA:640,3764
DA:641,3764
BRDA:641,38,0,1
DA:642,1
DA:646,3763
DA:647,3763
BRDA:647,39,0,646
DA:648,3763
BRDA:648,40,0,1520
DA:649,1520
DA:650,1520
DA:653,3763
DA:655,3763
DA:662,6
FN:662,InsuranceVault.releasePortfolioClaimReserve
FNDA:6,InsuranceVault.releasePortfolioClaimReserve
DA:666,3
BRDA:666,41,0,1
DA:667,2
BRDA:667,42,0,1
DA:668,1
DA:670,1
DA:671,1
DA:676,3578
FN:676,InsuranceVault.payPortfolioClaim
FNDA:3578,InsuranceVault.payPortfolioClaim
DA:681,3574
BRDA:681,43,0,2
DA:682,3572
BRDA:682,44,0,1
DA:683,1
DA:686,3571
DA:689,3571
DA:691,3571
DA:693,3571
DA:697,4
FN:697,InsuranceVault.setDepositCap
FNDA:4,InsuranceVault.setDepositCap
DA:698,3
DA:699,3
DA:708,5
FN:708,InsuranceVault.setAuthorizedPremiumDepositor
FNDA:5,InsuranceVault.setAuthorizedPremiumDepositor
DA:709,3
DA:710,3
DA:717,3
FN:717,InsuranceVault.claimFees
FNDA:3,InsuranceVault.claimFees
DA:718,2
DA:720,2
DA:721,2
BRDA:721,45,0,1
DA:723,1
DA:725,1
DA:727,1
DA:733,1
FN:733,InsuranceVault.getVaultInfo
FNDA:1,InsuranceVault.getVaultInfo
DA:749,1
DA:750,1
DA:754,1
DA:756,1
DA:772,3
FN:772,InsuranceVault.getVaultPolicy
FNDA:3,InsuranceVault.getVaultPolicy
DA:789,3
DA:790,3
DA:791,3
DA:792,3
DA:793,3
DA:797,3
DA:798,3
DA:799,3
DA:802,3
DA:803,3
DA:804,3
DA:808,3
FN:808,InsuranceVault._earnedPremiumFor
FNDA:3,InsuranceVault._earnedPremiumFor
DA:809,0
BRDA:809,46,0,-
DA:810,3
BRDA:810,47,0,2
DA:812,1
DA:813,1
BRDA:813,48,0,-
DA:815,1
DA:816,1
DA:817,1
BRDA:817,49,0,1
DA:818,0
DA:822,2
FN:822,InsuranceVault.getPolicyIds
FNDA:2,InsuranceVault.getPolicyIds
DA:823,2
DA:827,9560
FN:827,InsuranceVault.getAllocatedPortfolios
FNDA:9560,InsuranceVault.getAllocatedPortfolios
DA:828,9560
DA:833,4554
FN:833,InsuranceVault.getVaultAccounting
FNDA:4554,InsuranceVault.getVaultAccounting
DA:847,4554
DA:864,119609
FN:864,InsuranceVault._totalUnearnedPremiums
FNDA:119609,InsuranceVault._totalUnearnedPremiums
DA:865,119609
DA:866,119609
DA:870,119609
DA:871,75244
DA:872,75244
DA:875,0
BRDA:875,50,0,-
DA:878,75244
BRDA:878,51,0,-
DA:881,75244
DA:884,75244
BRDA:884,52,0,-
DA:885,0
DA:886,0
DA:889,75244
DA:892,75244
BRDA:892,53,0,296
DA:895,74948
DA:896,74948
DA:900,119609
DA:901,119587
DA:904,119609
DA:909,119587
FN:909,InsuranceVault._portfolioUnearned
FNDA:119587,InsuranceVault._portfolioUnearned
DA:910,119587
DA:911,119587
BRDA:911,54,0,-
DA:913,119587
DA:914,119587
DA:915,119587
BRDA:915,55,0,25
DA:916,119562
BRDA:916,56,0,16345
DA:917,103217
DA:923,20783
FN:923,InsuranceVault._accruedFees
FNDA:20783,InsuranceVault._accruedFees
DA:924,20783
DA:925,20783
DA:926,20783
DA:930,40615
FN:930,InsuranceVault._accrueFeesInternal
FNDA:40615,InsuranceVault._accrueFeesInternal
DA:931,40615
DA:932,40615
DA:933,40615
DA:934,40615
DA:936,40615
DA:937,40615
DA:938,40615
DA:939,40615
DA:946,16971
FN:946,InsuranceVault._availableBuffer
FNDA:16971,InsuranceVault._availableBuffer
DA:947,16971
DA:948,16971
DA:949,16971
DA:950,16971
BRDA:950,57,0,946
DA:951,16025
DA:956,33868
FN:956,InsuranceVault._checkExpiredPolicies
FNDA:33868,InsuranceVault._checkExpiredPolicies
DA:960,33868
DA:961,59358
DA:962,25490
DA:963,25490
BRDA:963,58,0,66
BRDA:963,58,1,66
DA:965,66
DA:966,66
BRDA:966,59,0,66
BRDA:966,59,1,-
DA:967,66
DA:969,0
DA:972,66
DA:973,66
DA:974,66
DA:975,66
DA:976,66
DA:977,66
DA:980,25424
DA:986,33868
DA:990,66
FN:990,InsuranceVault._removePremiumPolicy
FNDA:66,InsuranceVault._removePremiumPolicy
DA:991,66
BRDA:991,60,0,66
DA:992,1
DA:993,1
DA:994,1
DA:995,1
BRDA:995,61,0,1
DA:996,1
DA:997,1
DA:998,1
DA:1005,33868
FN:1005,InsuranceVault._prunePremiumPortfolios
FNDA:33868,InsuranceVault._prunePremiumPortfolios
DA:1006,33868
DA:1007,65484
DA:1008,31616
DA:1009,31616
DA:1010,31616
BRDA:1010,62,0,-
BRDA:1010,62,1,-
DA:1011,0
DA:1012,0
DA:1013,0
DA:1014,0
DA:1017,31616
FNF:43
FNH:43
LF:322
LH:308
BRF:67
BRH:55
end_of_record
TN:
SF:src/MockOracle.sol
DA:31,339
FN:31,MockOracle.constructor
FNDA:339,MockOracle.constructor
DA:32,339
DA:33,339
DA:34,339
DA:35,339
DA:40,5
FN:40,MockOracle.setBtcPrice
FNDA:5,MockOracle.setBtcPrice
DA:41,4
BRDA:41,0,0,2
DA:42,2
DA:43,2
DA:44,2
DA:49,5
FN:49,MockOracle.setFlightStatus
FNDA:5,MockOracle.setFlightStatus
DA:50,4
DA:51,4
DA:52,4
DA:58,2
FN:58,MockOracle.getBtcPrice
FNDA:2,MockOracle.getBtcPrice
DA:59,2
DA:65,3
FN:65,MockOracle.getFlightStatus
FNDA:3,MockOracle.getFlightStatus
DA:66,3
FNF:5
FNH:5
LF:18
LH:18
BRF:1
BRH:1
end_of_record
TN:
SF:src/MockUSDC.sol
DA:22,334
FN:22,MockUSDC.constructor
FNDA:334,MockUSDC.constructor
DA:23,334
DA:27,420
FN:27,MockUSDC.decimals
FNDA:420,MockUSDC.decimals
DA:28,420
DA:35,18457
FN:35,MockUSDC.mint
FNDA:18457,MockUSDC.mint
DA:36,18457
BRDA:36,0,0,1
DA:37,1
DA:39,18456
FNF:3
FNH:3
LF:8
LH:8
BRF:1
BRH:1
end_of_record
TN:
SF:src/NavOracle.sol
DA:134,3
FN:134,NavOracle.onlyProtocolRole
FNDA:3,NavOracle.onlyProtocolRole
DA:135,3
BRDA:135,0,0,-
DA:136,0
DA:142,175
FN:142,NavOracle.constructor
FNDA:175,NavOracle.constructor
DA:143,175
BRDA:143,1,0,2
DA:144,2
DA:146,173
DA:147,173
DA:149,173
DA:150,173
DA:151,173
DA:152,173
DA:165,2527
FN:165,NavOracle.publishNav
FNDA:2527,NavOracle.publishNav
DA:169,2526
BRDA:169,2,0,2
DA:170,2524
BRDA:170,3,0,1
DA:171,2523
BRDA:171,4,0,1
DA:172,1
DA:174,1
BRDA:174,5,0,1
DA:176,2521
DA:180,2521
BRDA:180,6,0,1454
DA:181,1454
DA:182,1454
DA:183,1454
BRDA:183,7,0,257
DA:184,257
DA:185,257
DA:186,257
DA:187,257
DA:188,257
DA:192,1
BRDA:192,8,0,1
DA:194,2264
DA:198,2264
DA:206,12
FN:206,NavOracle.publishPortfolioRisk
FNDA:12,NavOracle.publishPortfolioRisk
DA:210,11
BRDA:210,9,0,-
DA:211,11
BRDA:211,10,0,1
DA:212,10
BRDA:212,11,0,-
DA:213,10
BRDA:213,12,0,-
DA:214,0
DA:217,10
DA:219,9
DA:226,9
DA:232,6
FN:232,NavOracle.pauseFeed
FNDA:6,NavOracle.pauseFeed
DA:233,5
BRDA:233,13,0,-
DA:234,5
DA:235,5
DA:239,3
FN:239,NavOracle.unpauseFeed
FNDA:3,NavOracle.unpauseFeed
DA:240,3
BRDA:240,14,0,-
DA:241,3
DA:242,3
DA:243,3
DA:249,1
FN:249,NavOracle.acknowledgeDeviation
FNDA:1,NavOracle.acknowledgeDeviation
DA:250,1
BRDA:250,15,0,-
DA:251,1
DA:252,1
DA:258,6
FN:258,NavOracle.setGuards
FNDA:6,NavOracle.setGuards
DA:262,5
BRDA:262,16,0,2
DA:263,2
DA:265,3
BRDA:265,17,0,2
DA:266,2
DA:268,1
BRDA:268,18,0,-
DA:270,1
DA:271,1
DA:272,1
DA:273,1
DA:280,2420
FN:280,NavOracle.getNav
FNDA:2420,NavOracle.getNav
DA:281,2
BRDA:281,19,0,2
DA:282,2418
DA:283,2418
BRDA:283,20,0,2
DA:284,2416
BRDA:284,21,0,501
DA:285,501
DA:287,1915
DA:292,261
FN:292,NavOracle.tryGetNav
FNDA:261,NavOracle.tryGetNav
DA:293,261
DA:294,261
DA:298,2
FN:298,NavOracle.getPortfolioRisk
FNDA:2,NavOracle.getPortfolioRisk
DA:303,2
DA:304,2
BRDA:304,22,0,-
DA:305,2
BRDA:305,23,0,1
DA:306,1
DA:308,1
DA:312,9
FN:312,NavOracle.tryGetPortfolioRisk
FNDA:9,NavOracle.tryGetPortfolioRisk
DA:313,9
DA:314,9
DA:318,1345
FN:318,NavOracle.rawNavAttestation
FNDA:1345,NavOracle.rawNavAttestation
DA:319,1345
FNF:13
FNH:13
LF:84
LH:82
BRF:24
BRH:15
end_of_record
TN:
SF:src/NextBlockLens.sol
DA:234,2
FN:234,NextBlockLens.onlyProtocolRole
FNDA:2,NextBlockLens.onlyProtocolRole
DA:235,2
BRDA:235,0,0,1
DA:236,1
DA:242,132
FN:242,NextBlockLens.constructor
FNDA:132,NextBlockLens.constructor
DA:243,132
BRDA:243,1,0,1
DA:244,131
DA:245,131
DA:246,131
DA:254,2
FN:254,NextBlockLens.setModules
FNDA:2,NextBlockLens.setModules
DA:255,1
DA:256,1
DA:264,102
FN:264,NextBlockLens.getProtocolStatus
FNDA:102,NextBlockLens.getProtocolStatus
DA:265,102
DA:266,102
DA:267,102
DA:268,102
DA:270,102
BRDA:270,2,0,97
DA:271,97
DA:273,102
BRDA:273,3,0,100
DA:274,100
DA:276,102
BRDA:276,4,0,100
DA:277,100
DA:279,102
BRDA:279,5,0,100
DA:280,100
DA:282,102
BRDA:282,6,0,100
DA:283,100
DA:285,102
BRDA:285,7,0,100
DA:286,100
DA:295,103
FN:295,NextBlockLens.getVaultDashboard
FNDA:103,NextBlockLens.getVaultDashboard
DA:296,103
BRDA:296,8,0,99
DA:297,99
BRDA:297,9,0,99
DA:298,98
DA:301,5
DA:302,5
DA:303,5
DA:308,100
FN:308,NextBlockLens.rawVaultDashboard
FNDA:100,NextBlockLens.rawVaultDashboard
DA:309,100
DA:311,100
DA:312,100
DA:313,100
DA:314,100
DA:315,98
DA:316,98
DA:317,98
DA:319,98
DA:320,98
DA:321,98
DA:322,98
DA:323,98
DA:324,98
DA:325,98
DA:334,13
FN:334,NextBlockLens.getLPStatus
FNDA:13,NextBlockLens.getLPStatus
DA:335,13
DA:336,13
DA:337,13
DA:338,13
DA:339,13
DA:341,13
BRDA:341,10,0,10
DA:342,10
BRDA:342,11,0,10
DA:345,10
DA:346,10
DA:347,10
DA:348,10
DA:349,10
DA:350,10
DA:351,10
DA:355,13
BRDA:355,12,0,10
DA:356,10
BRDA:356,13,0,10
DA:359,10
DA:360,10
DA:361,10
DA:362,10
DA:363,10
DA:364,10
DA:365,10
DA:371,10
FN:371,NextBlockLens.rawLPCompliance
FNDA:10,NextBlockLens.rawLPCompliance
DA:376,10
DA:377,10
DA:378,10
DA:379,10
DA:380,10
DA:381,10
DA:385,10
FN:385,NextBlockLens.rawLPPosition
FNDA:10,NextBlockLens.rawLPPosition
DA:390,10
DA:391,10
DA:392,10
DA:393,10
DA:394,10
DA:395,10
DA:405,12
FN:405,NextBlockLens.getPortfolioStatus
FNDA:12,NextBlockLens.getPortfolioStatus
DA:410,12
DA:411,12
DA:412,12
DA:413,12
DA:415,12
BRDA:415,14,0,12
DA:417,11
BRDA:417,15,0,11
DA:420,9
DA:421,9
DA:422,9
DA:423,2
BRDA:423,15,1,2
DA:424,2
DA:425,2
DA:428,9
BRDA:428,16,0,9
DA:429,9
BRDA:429,17,0,9
DA:430,9
DA:431,9
DA:435,9
BRDA:435,18,0,9
DA:436,9
DA:437,9
DA:438,9
DA:439,9
BRDA:439,19,0,1
BRDA:439,19,1,8
DA:440,1
DA:442,8
DA:443,8
DA:444,8
DA:445,8
DA:446,8
DA:452,9
FN:452,NextBlockLens.rawPortfolioExposure
FNDA:9,NextBlockLens.rawPortfolioExposure
DA:457,9
DA:458,9
DA:459,9
DA:467,10
FN:467,NextBlockLens.getPremiumDashboard
FNDA:10,NextBlockLens.getPremiumDashboard
DA:468,10
DA:469,10
DA:470,10
DA:471,10
BRDA:471,20,0,10
DA:473,9
BRDA:473,21,0,9
DA:474,9
DA:479,9
FN:479,NextBlockLens.rawPremiumDashboard
FNDA:9,NextBlockLens.rawPremiumDashboard
DA:480,9
DA:482,9
DA:483,9
DA:484,9
DA:486,9
DA:487,9
DA:488,9
DA:489,9
DA:490,9
DA:491,9
DA:493,9
DA:494,9
DA:495,9
DA:496,9
DA:497,9
DA:507,14
FN:507,NextBlockLens.getClaimDashboard
FNDA:14,NextBlockLens.getClaimDashboard
DA:508,14
DA:509,14
DA:510,14
DA:511,14
BRDA:511,22,0,14
DA:513,13
BRDA:513,23,0,13
DA:514,11
DA:515,11
DA:516,11
DA:517,11
DA:518,2
BRDA:518,23,1,2
DA:519,2
DA:520,2
DA:523,11
BRDA:523,24,0,11
DA:524,11
DA:525,11
BRDA:525,25,0,10
DA:526,10
DA:527,10
DA:528,10
DA:529,10
DA:540,13
FN:540,NextBlockLens.getOracleDashboard
FNDA:13,NextBlockLens.getOracleDashboard
DA:541,13
DA:542,13
DA:543,13
DA:544,13
BRDA:544,26,0,13
DA:546,11
DA:547,11
DA:549,11
DA:550,11
DA:551,11
DA:552,11
DA:553,11
DA:555,11
DA:556,11
DA:557,11
DA:558,11
DA:559,11
DA:560,11
DA:562,1
BRDA:562,27,0,1
BRDA:562,27,1,7
DA:563,1
DA:564,10
BRDA:564,28,0,2
BRDA:564,28,1,7
DA:565,2
DA:566,8
BRDA:566,29,0,1
BRDA:566,29,1,7
DA:567,1
DA:569,7
DA:580,13
FN:580,NextBlockLens.getBordereauDashboard
FNDA:13,NextBlockLens.getBordereauDashboard
DA:585,13
DA:586,13
DA:587,13
BRDA:587,30,0,13
DA:589,12
DA:590,12
DA:591,12
DA:593,12
BRDA:593,31,0,12
DA:594,2
DA:595,2
DA:596,10
BRDA:596,31,1,10
DA:597,10
DA:607,5
FN:607,NextBlockLens.getAdapterDashboard
FNDA:5,NextBlockLens.getAdapterDashboard
DA:608,5
DA:609,5
DA:610,5
BRDA:610,32,0,5
DA:612,4
DA:613,4
BRDA:613,33,0,4
DA:614,2
DA:615,2
DA:616,2
DA:617,2
BRDA:617,33,1,2
DA:618,2
DA:626,98
FN:626,NextBlockLens._fillVaultAccounting
FNDA:98,NextBlockLens._fillVaultAccounting
DA:627,98
DA:636,98
DA:637,98
DA:638,98
DA:639,98
DA:640,98
DA:641,98
DA:642,98
DA:643,98
DA:644,98
DA:649,837
FN:649,NextBlockLens._live
FNDA:837,NextBlockLens._live
DA:650,837
FNF:19
FNH:19
LF:225
LH:225
BRF:42
BRH:42
end_of_record
TN:
SF:src/PolicyRegistry.sol
DA:88,279
FN:88,PolicyRegistry.onlyProtocolRole
FNDA:279,PolicyRegistry.onlyProtocolRole
DA:89,279
BRDA:89,0,0,2
DA:90,2
DA:96,354
FN:96,PolicyRegistry.constructor
FNDA:354,PolicyRegistry.constructor
DA:97,354
BRDA:97,1,0,1
DA:98,353
DA:106,181338
FN:106,PolicyRegistry.currentTime
FNDA:181338,PolicyRegistry.currentTime
DA:107,207694
DA:113,279
FN:113,PolicyRegistry.advanceTime
FNDA:279,PolicyRegistry.advanceTime
DA:114,2
BRDA:114,2,0,2
DA:115,275
DA:116,275
DA:125,7
FN:125,PolicyRegistry.lockRealTime
FNDA:7,PolicyRegistry.lockRealTime
DA:126,1
BRDA:126,3,0,1
DA:127,5
DA:128,5
DA:129,5
DA:143,591
FN:143,PolicyRegistry.registerPolicy
FNDA:591,PolicyRegistry.registerPolicy
DA:152,589
BRDA:152,4,0,4
DA:153,4
DA:156,585
DA:158,585
DA:171,585
DA:177,582
FN:177,PolicyRegistry.activatePolicy
FNDA:582,PolicyRegistry.activatePolicy
DA:178,579
DA:179,579
BRDA:179,5,0,1
DA:180,578
BRDA:180,6,0,1
DA:181,1
DA:184,577
DA:185,577
DA:187,577
DA:195,75827
FN:195,PolicyRegistry.getPolicy
FNDA:75827,PolicyRegistry.getPolicy
DA:196,75827
DA:197,75827
BRDA:197,7,0,1
DA:198,1
DA:200,75826
DA:204,1
FN:204,PolicyRegistry.getPolicyCount
FNDA:1,PolicyRegistry.getPolicyCount
DA:205,1
DA:211,25497
FN:211,PolicyRegistry.isPolicyExpired
FNDA:25497,PolicyRegistry.isPolicyExpired
DA:212,25497
DA:213,25497
BRDA:213,8,0,-
DA:214,25497
DA:220,6
FN:220,PolicyRegistry.getRemainingDuration
FNDA:6,PolicyRegistry.getRemainingDuration
DA:221,6
DA:222,6
BRDA:222,9,0,1
DA:224,5
DA:225,5
BRDA:225,10,0,3
DA:226,2
FNF:11
FNH:11
LF:48
LH:48
BRF:11
BRH:10
end_of_record
TN:
SF:src/PortfolioRegistry.sol
DA:131,976
FN:131,PortfolioRegistry.onlyProtocolRole
FNDA:976,PortfolioRegistry.onlyProtocolRole
DA:132,976
BRDA:132,0,0,1
DA:133,1
DA:139,413
FN:139,PortfolioRegistry.constructor
FNDA:413,PortfolioRegistry.constructor
DA:140,413
BRDA:140,1,0,1
DA:141,412
DA:150,1286
FN:150,PortfolioRegistry.submitPortfolio
FNDA:1286,PortfolioRegistry.submitPortfolio
DA:156,1285
DA:157,1144
DA:158,143
BRDA:158,2,0,143
DA:159,143
DA:162,1142
DA:163,1142
DA:165,1142
DA:183,1142
DA:185,1142
DA:193,3
FN:193,PortfolioRegistry.updateMetadata
FNDA:3,PortfolioRegistry.updateMetadata
DA:197,3
DA:198,3
BRDA:198,3,0,1
DA:199,2
BRDA:199,4,0,1
DA:200,1
DA:202,1
BRDA:202,5,0,-
DA:204,1
DA:205,1
DA:206,1
DA:208,1
DA:214,979
FN:214,PortfolioRegistry.startReview
FNDA:979,PortfolioRegistry.startReview
DA:215,978
DA:216,978
BRDA:216,6,0,2
DA:217,2
DA:219,976
DA:220,976
DA:221,976
DA:227,976
FN:227,PortfolioRegistry.approvePortfolio
FNDA:976,PortfolioRegistry.approvePortfolio
DA:231,975
BRDA:231,7,0,59
DA:232,916
DA:233,916
BRDA:233,8,0,1
DA:234,1
DA:236,915
DA:237,915
DA:238,915
DA:239,915
DA:244,3
FN:244,PortfolioRegistry.rejectPortfolio
FNDA:3,PortfolioRegistry.rejectPortfolio
DA:248,3
DA:249,3
BRDA:249,9,0,-
DA:250,0
DA:252,3
DA:253,3
DA:254,3
DA:259,362
FN:259,PortfolioRegistry.activatePortfolio
FNDA:362,PortfolioRegistry.activatePortfolio
DA:260,362
DA:261,362
BRDA:261,10,0,1
DA:262,1
DA:264,361
BRDA:264,11,0,1
DA:265,1
DA:267,360
DA:268,360
DA:269,360
DA:275,9
FN:275,PortfolioRegistry.pausePortfolio
FNDA:9,PortfolioRegistry.pausePortfolio
DA:276,8
DA:277,8
BRDA:277,12,0,1
DA:278,1
DA:280,7
DA:281,7
DA:282,7
DA:286,1
FN:286,PortfolioRegistry.unpausePortfolio
FNDA:1,PortfolioRegistry.unpausePortfolio
DA:287,1
DA:288,1
BRDA:288,13,0,-
DA:289,0
DA:291,1
DA:292,1
DA:293,1
DA:300,260
FN:300,PortfolioRegistry.markExpired
FNDA:260,PortfolioRegistry.markExpired
DA:301,260
DA:302,260
BRDA:302,14,0,1
DA:303,1
DA:305,259
BRDA:305,15,0,202
DA:306,202
DA:308,57
DA:309,57
DA:310,57
DA:316,188033
FN:316,PortfolioRegistry.getPortfolio
FNDA:188033,PortfolioRegistry.getPortfolio
DA:317,188033
DA:318,188033
BRDA:318,16,0,5
DA:319,188028
DA:323,102
FN:323,PortfolioRegistry.getPortfolioCount
FNDA:102,PortfolioRegistry.getPortfolioCount
DA:324,102
DA:328,2
FN:328,PortfolioRegistry.getPortfoliosByCedant
FNDA:2,PortfolioRegistry.getPortfoliosByCedant
DA:329,2
DA:334,29450
FN:334,PortfolioRegistry.isAllocatable
FNDA:29450,PortfolioRegistry.isAllocatable
DA:335,29450
DA:336,29450
BRDA:336,17,0,2
DA:337,29448
DA:342,2531
FN:342,PortfolioRegistry._getExisting
FNDA:2531,PortfolioRegistry._getExisting
DA:343,2531
DA:344,2531
BRDA:344,18,0,-
FNF:16
FNH:16
LF:96
LH:94
BRF:19
BRH:15
end_of_record
TN:
SF:src/PremiumDistributor.sol
DA:122,1896
FN:122,PremiumDistributor.onlyProtocolRole
FNDA:1896,PremiumDistributor.onlyProtocolRole
DA:123,1896
BRDA:123,0,0,-
DA:124,0
DA:130,146
FN:130,PremiumDistributor.constructor
FNDA:146,PremiumDistributor.constructor
DA:131,146
BRDA:131,1,0,3
DA:132,3
DA:134,143
DA:135,143
DA:136,143
DA:138,143
DA:139,143
DA:140,143
DA:146,4185
FN:146,PremiumDistributor.setPremiumSplit
FNDA:4185,PremiumDistributor.setPremiumSplit
DA:150,4184
BRDA:150,2,0,1
DA:151,1
DA:153,4183
BRDA:153,3,0,1
DA:154,1
DA:156,4182
DA:157,4182
DA:158,4182
DA:164,76
FN:164,PremiumDistributor.setPortfolioVault
FNDA:76,PremiumDistributor.setPortfolioVault
DA:168,75
BRDA:168,4,0,-
DA:170,75
DA:171,75
BRDA:171,5,0,1
DA:172,1
DA:174,74
DA:175,74
DA:185,8265
FN:185,PremiumDistributor.receivePremium
FNDA:8265,PremiumDistributor.receivePremium
DA:187,8265
DA:188,1
DA:189,1
BRDA:189,6,0,1
DA:190,1
DA:192,8264
BRDA:192,7,0,1
DA:194,8263
DA:195,8263
BRDA:195,8,0,1
DA:196,8262
BRDA:196,9,0,1
DA:197,1
DA:201,8261
DA:202,8261
DA:208,8261
DA:211,8261
DA:212,8261
DA:215,8261
DA:216,8261
DA:217,8261
DA:218,8261
DA:219,8261
DA:220,8261
DA:222,8261
DA:223,8261
DA:226,8261
BRDA:226,10,0,8184
DA:227,8184
DA:228,8184
DA:229,8184
DA:236,1928
FN:236,PremiumDistributor.claimProtocolFees
FNDA:1928,PremiumDistributor.claimProtocolFees
DA:237,1927
BRDA:237,11,0,-
DA:238,1927
DA:239,1927
BRDA:239,12,0,1
DA:240,1926
DA:241,1926
DA:242,1926
DA:246,1896
FN:246,PremiumDistributor.claimUnderwritingFees
FNDA:1896,PremiumDistributor.claimUnderwritingFees
DA:247,1896
BRDA:247,13,0,-
DA:248,1896
DA:249,1896
BRDA:249,14,0,-
DA:250,1896
DA:251,1896
DA:252,1896
DA:258,267
FN:258,PremiumDistributor.getPremiumAccounting
FNDA:267,PremiumDistributor.getPremiumAccounting
DA:259,267
DA:263,3991
FN:263,PremiumDistributor.previewSplit
FNDA:3991,PremiumDistributor.previewSplit
DA:268,3991
DA:274,12252
FN:274,PremiumDistributor._split
FNDA:12252,PremiumDistributor._split
DA:279,12252
DA:280,12252
BRDA:280,15,0,-
DA:282,12252
DA:283,12252
DA:284,12252
BRDA:284,16,0,75
DA:286,12252
FNF:10
FNH:10
LF:79
LH:78
BRF:17
BRH:11
end_of_record
TN:
SF:src/ProtocolRoles.sol
DA:62,525
FN:62,ProtocolRoles.constructor
FNDA:525,ProtocolRoles.constructor
DA:63,525
BRDA:63,0,0,1
DA:65,524
DA:66,524
DA:69,524
DA:70,524
DA:71,524
DA:72,524
DA:73,524
DA:74,524
DA:75,524
DA:76,524
DA:77,524
DA:83,2
FN:83,ProtocolRoles.requireRole
FNDA:2,ProtocolRoles.requireRole
DA:84,2
FNF:2
FNH:2
LF:15
LH:15
BRF:1
BRH:1
end_of_record
TN:
SF:src/ProtocolTimelock.sol
DA:39,23
FN:39,ProtocolTimelock.constructor
FNDA:23,ProtocolTimelock.constructor
DA:42,23
BRDA:42,0,0,1
DA:43,1
DA:45,22
BRDA:45,1,0,1
DA:46,21
BRDA:46,2,0,1
FNF:1
FNH:1
LF:5
LH:5
BRF:3
BRH:3
end_of_record
TN:
SF:src/RedemptionQueue.sol
DA:119,3
FN:119,RedemptionQueue.onlyRole
FNDA:3,RedemptionQueue.onlyRole
DA:120,3
BRDA:120,0,0,1
DA:125,26
FN:125,RedemptionQueue.constructor
FNDA:26,RedemptionQueue.constructor
DA:126,26
BRDA:126,1,0,-
DA:127,0
DA:129,26
DA:130,26
DA:131,26
DA:132,26
DA:133,26
DA:141,3440
FN:141,RedemptionQueue.requestRedemption
FNDA:3440,RedemptionQueue.requestRedemption
DA:142,1
BRDA:142,2,0,1
DA:143,3439
BRDA:143,3,0,1
DA:145,3438
DA:147,3438
DA:149,3438
DA:150,3438
DA:151,3438
DA:153,3438
DA:162,3229
FN:162,RedemptionQueue.settleEpoch
FNDA:3229,RedemptionQueue.settleEpoch
DA:163,0
BRDA:163,4,0,-
DA:164,3227
DA:165,3227
DA:166,0
BRDA:166,5,0,-
DA:168,3227
DA:169,3227
BRDA:169,6,0,1
DA:170,1
DA:173,3226
DA:174,3226
DA:175,3226
DA:176,3226
BRDA:176,7,0,1474
DA:179,1474
DA:180,1474
DA:181,1474
BRDA:181,8,0,993
DA:183,993
DA:184,993
DA:188,3226
DA:189,3226
DA:190,3226
DA:191,3226
DA:193,3226
DA:194,3226
DA:197,3226
DA:198,3226
DA:207,438
FN:207,RedemptionQueue.claim
FNDA:438,RedemptionQueue.claim
DA:208,438
DA:209,438
BRDA:209,9,0,1
DA:210,1
BRDA:210,10,0,1
DA:212,436
DA:213,436
BRDA:213,11,0,-
DA:215,436
DA:217,436
DA:219,436
DA:220,436
DA:222,436
BRDA:222,12,0,320
DA:224,320
DA:225,320
BRDA:225,13,0,253
DA:227,436
BRDA:227,14,0,398
DA:232,398
BRDA:232,15,0,14
DA:233,398
DA:234,398
DA:237,436
DA:243,1
FN:243,RedemptionQueue.setEpochDuration
FNDA:1,RedemptionQueue.setEpochDuration
DA:244,0
BRDA:244,16,0,-
DA:245,0
DA:247,0
DA:248,0
DA:254,3
FN:254,RedemptionQueue.setPaused
FNDA:3,RedemptionQueue.setPaused
DA:255,2
DA:256,2
DA:262,2
FN:262,RedemptionQueue.currentEpochMaturesAt
FNDA:2,RedemptionQueue.currentEpochMaturesAt
DA:263,2
DA:267,1
FN:267,RedemptionQueue.previewClaim
FNDA:1,RedemptionQueue.previewClaim
DA:272,1
DA:273,1
DA:274,1
BRDA:274,17,0,-
DA:275,1
DA:276,1
DA:277,1
BRDA:277,18,0,1
DA:278,1
FNF:9
FNH:9
LF:80
LH:73
BRF:19
BRH:13
end_of_record
TN:
SF:src/VaultAllocator.sol
DA:145,0
FN:145,VaultAllocator.onlyProtocolRole
FNDA:0,VaultAllocator.onlyProtocolRole
DA:146,0
BRDA:146,0,0,-
DA:147,0
DA:153,161
FN:153,VaultAllocator.constructor
FNDA:161,VaultAllocator.constructor
DA:154,161
BRDA:154,1,0,2
DA:155,2
DA:157,159
DA:158,159
DA:159,159
DA:161,159
DA:162,159
DA:163,159
DA:165,159
DA:166,159
DA:167,159
DA:173,5
FN:173,VaultAllocator.setConcentrationLimits
FNDA:5,VaultAllocator.setConcentrationLimits
DA:177,4
BRDA:177,2,0,1
DA:178,1
DA:180,3
BRDA:180,3,0,-
DA:181,3
BRDA:181,4,0,1
DA:182,2
DA:183,2
DA:184,2
DA:188,0
FN:188,VaultAllocator.setNavOracle
FNDA:0,VaultAllocator.setNavOracle
DA:189,0
DA:190,0
DA:194,4
FN:194,VaultAllocator.setProposalTtl
FNDA:4,VaultAllocator.setProposalTtl
DA:195,3
BRDA:195,5,0,2
DA:196,1
DA:197,1
DA:204,3114
FN:204,VaultAllocator.proposeAllocation
FNDA:3114,VaultAllocator.proposeAllocation
DA:209,3113
BRDA:209,6,0,2
DA:210,3111
DA:211,3106
DA:216,1233
FN:216,VaultAllocator.proposeDeallocation
FNDA:1233,VaultAllocator.proposeDeallocation
DA:221,1233
BRDA:221,7,0,2
DA:222,1231
DA:228,262
FN:228,VaultAllocator.proposeSplitAllocation
FNDA:262,VaultAllocator.proposeSplitAllocation
DA:234,262
DA:235,262
BRDA:235,8,0,3
DA:236,3
DA:239,259
DA:240,259
DA:241,517
BRDA:241,9,0,1
DA:242,516
DA:244,258
BRDA:244,10,0,1
DA:246,257
DA:247,257
DA:248,257
DA:249,514
DA:252,514
DA:254,514
DA:255,514
DA:262,4332
FN:262,VaultAllocator.executeAllocation
FNDA:4332,VaultAllocator.executeAllocation
DA:263,4331
DA:264,4331
BRDA:264,11,0,1
DA:265,1
DA:267,4330
BRDA:267,12,0,1
DA:268,1
DA:271,1227
BRDA:271,13,0,1227
BRDA:271,13,1,3100
DA:272,1227
DA:273,1227
DA:276,3102
DA:277,3101
DA:278,3101
DA:281,4327
DA:285,7
FN:285,VaultAllocator.cancelProposal
FNDA:7,VaultAllocator.cancelProposal
DA:286,7
DA:287,6
BRDA:287,14,0,1
DA:288,1
DA:290,5
BRDA:290,15,0,1
DA:291,1
DA:293,4
DA:294,4
DA:299,5
FN:299,VaultAllocator.markExpired
FNDA:5,VaultAllocator.markExpired
DA:300,5
DA:301,5
BRDA:301,16,0,1
DA:302,1
DA:304,4
BRDA:304,17,0,2
DA:305,2
DA:307,2
DA:308,2
DA:314,522
FN:314,VaultAllocator.getProposal
FNDA:522,VaultAllocator.getProposal
DA:315,522
DA:316,522
BRDA:316,18,0,1
DA:317,521
DA:321,100
FN:321,VaultAllocator.getProposalCount
FNDA:100,VaultAllocator.getProposalCount
DA:322,100
DA:327,6047
FN:327,VaultAllocator.investableBase
FNDA:6047,VaultAllocator.investableBase
DA:328,12770
DA:329,12770
DA:334,2837
FN:334,VaultAllocator.cedantExposure
FNDA:2837,VaultAllocator.cedantExposure
DA:335,9559
DA:336,9559
DA:337,9559
DA:338,10173
DA:339,10173
BRDA:339,19,0,2844
DA:340,7329
BRDA:340,20,0,7325
DA:341,7325
DA:348,4851
FN:348,VaultAllocator._storeProposal
FNDA:4851,VaultAllocator._storeProposal
DA:352,4851
DA:353,4851
DA:354,4851
DA:356,4851
DA:368,4851
DA:373,6727
FN:373,VaultAllocator._checkAllocationGuards
FNDA:6727,VaultAllocator._checkAllocationGuards
DA:375,6727
BRDA:375,21,0,2
DA:376,2
DA:381,6725
BRDA:381,22,0,1077
DA:382,1077
BRDA:382,23,0,1
DA:383,1
DA:385,1076
DA:386,1076
BRDA:386,24,0,1
DA:387,1
DA:392,6723
DA:393,6723
DA:395,6723
DA:396,6723
DA:397,6723
BRDA:397,25,0,1
DA:398,1
DA:401,6722
DA:402,6722
DA:403,6722
DA:404,6722
BRDA:404,26,0,1
DA:405,1
DA:409,4343
FN:409,VaultAllocator._getProposal
FNDA:4343,VaultAllocator._getProposal
DA:410,4343
DA:411,4343
BRDA:411,27,0,1
FNF:18
FNH:16
LF:128
LH:122
BRF:29
BRH:27
end_of_record
TN:
SF:src/VaultDeployer.sol
DA:46,128
FN:46,VaultDeployer.constructor
FNDA:128,VaultDeployer.constructor
DA:47,128
DA:51,130
FN:51,VaultDeployer.bindFactory
FNDA:130,VaultDeployer.bindFactory
DA:52,130
BRDA:52,0,0,1
DA:53,129
BRDA:53,1,0,1
DA:54,128
BRDA:54,2,0,1
DA:55,127
DA:56,127
DA:61,125
FN:61,VaultDeployer.deploy
FNDA:125,VaultDeployer.deploy
DA:62,125
BRDA:62,3,0,2
DA:63,123
DA:64,123
FNF:3
FNH:3
LF:12
LH:12
BRF:4
BRH:4
end_of_record
TN:
SF:src/VaultFactory.sol
DA:73,128
FN:73,VaultFactory.onlyProtocolRole
FNDA:128,VaultFactory.onlyProtocolRole
DA:74,128
BRDA:74,0,0,2
DA:75,2
DA:81,132
FN:81,VaultFactory.constructor
FNDA:132,VaultFactory.constructor
DA:92,132
DA:93,130
DA:94,128
DA:95,5
BRDA:95,1,0,5
DA:96,5
DA:98,127
DA:99,127
DA:100,127
DA:101,127
DA:102,127
DA:103,127
DA:104,127
DA:105,127
DA:119,128
FN:119,VaultFactory.createVault
FNDA:128,VaultFactory.createVault
DA:127,126
BRDA:127,2,0,1
DA:128,125
BRDA:128,3,0,1
DA:129,124
BRDA:129,4,0,-
DA:130,124
BRDA:130,5,0,1
DA:131,1
DA:134,123
DA:153,123
DA:154,123
DA:155,123
DA:158,123
DA:160,123
DA:164,3
FN:164,VaultFactory.getVaults
FNDA:3,VaultFactory.getVaults
DA:165,3
DA:169,101
FN:169,VaultFactory.getVaultCount
FNDA:101,VaultFactory.getVaultCount
DA:170,101
FNF:5
FNH:5
LF:33
LH:33
BRF:6
BRH:5
end_of_record
TN:
SF:src/lending/LendingMarket.sol
DA:183,64
FN:183,LendingMarket.constructor
FNDA:64,LendingMarket.constructor
DA:185,64
DA:186,63
DA:187,1
BRDA:187,0,0,1
DA:188,1
DA:191,63
DA:192,61
DA:193,2
BRDA:193,1,0,2
DA:194,2
DA:197,61
DA:198,61
DA:199,61
DA:200,61
DA:201,61
DA:203,61
DA:204,61
DA:205,61
DA:206,61
DA:207,61
DA:208,61
DA:209,61
DA:210,61
DA:211,61
DA:213,61
DA:217,1
FN:217,LendingMarket.onlyProtocolRole
FNDA:1,LendingMarket.onlyProtocolRole
DA:218,1
BRDA:218,2,0,-
DA:222,1821
FN:222,LendingMarket.whenNotPaused
FNDA:1821,LendingMarket.whenNotPaused
DA:223,1
BRDA:223,3,0,1
DA:231,3
FN:231,LendingMarket.pause
FNDA:3,LendingMarket.pause
DA:232,2
DA:233,2
DA:237,1
FN:237,LendingMarket.unpause
FNDA:1,LendingMarket.unpause
DA:238,1
DA:239,1
DA:246,11
FN:246,LendingMarket._authorizeParamChange
FNDA:11,LendingMarket._authorizeParamChange
DA:247,11
DA:248,11
BRDA:248,4,0,3
DA:252,8
FN:252,LendingMarket._capLoosened
FNDA:8,LendingMarket._capLoosened
DA:253,8
BRDA:253,5,0,1
DA:254,7
BRDA:254,6,0,-
DA:255,7
BRDA:255,7,0,5
DA:256,2
DA:261,4
FN:261,LendingMarket.setRiskParams
FNDA:4,LendingMarket.setRiskParams
DA:262,4
BRDA:262,8,0,1
DA:263,1
DA:265,3
DA:266,3
DA:267,2
DA:268,2
DA:269,2
DA:270,2
DA:275,5
FN:275,LendingMarket.setCaps
FNDA:5,LendingMarket.setCaps
DA:276,5
DA:277,5
DA:278,4
DA:279,4
DA:280,4
DA:285,3
FN:285,LendingMarket.setProtocolFee
FNDA:3,LendingMarket.setProtocolFee
DA:286,3
BRDA:286,9,0,-
DA:287,3
DA:288,2
DA:289,2
DA:290,2
DA:294,9591
FN:294,LendingMarket._accrue
FNDA:9591,LendingMarket._accrue
DA:295,9591
DA:296,9591
BRDA:296,10,0,7660
DA:298,1931
DA:299,1931
BRDA:299,11,0,118
DA:300,118
DA:301,118
DA:302,118
DA:303,118
BRDA:303,12,0,76
DA:304,76
DA:305,76
DA:307,76
DA:308,76
BRDA:308,13,0,76
DA:309,76
DA:310,76
BRDA:310,14,0,55
DA:312,55
DA:317,55
DA:318,55
DA:321,76
DA:324,1931
DA:331,1821
FN:331,LendingMarket.supply
FNDA:1821,LendingMarket.supply
DA:332,1820
BRDA:332,15,0,1
DA:333,1819
BRDA:333,16,0,1
DA:334,1818
DA:335,1818
BRDA:335,17,0,1
DA:336,1
DA:338,1817
DA:339,1817
DA:340,1817
DA:341,1817
DA:343,1817
DA:344,1817
DA:349,1541
FN:349,LendingMarket.withdraw
FNDA:1541,LendingMarket.withdraw
DA:350,1540
BRDA:350,18,0,1
DA:351,1539
BRDA:351,19,0,-
DA:352,1539
DA:353,1539
DA:356,1539
BRDA:356,20,0,484
DA:357,1055
BRDA:357,21,0,-
DA:359,1055
DA:360,1055
DA:361,1055
DA:363,1055
DA:364,1054
DA:371,1791
FN:371,LendingMarket.depositCollateral
FNDA:1791,LendingMarket.depositCollateral
DA:372,1791
BRDA:372,22,0,1
DA:373,1790
BRDA:373,23,0,1
DA:374,1789
DA:375,1789
DA:376,1789
DA:377,1788
DA:383,1125
FN:383,LendingMarket.withdrawCollateral
FNDA:1125,LendingMarket.withdrawCollateral
DA:384,1125
BRDA:384,24,0,-
DA:385,1125
BRDA:385,25,0,-
DA:386,1125
BRDA:386,26,0,1
DA:387,1124
DA:388,1124
DA:389,1124
DA:391,1124
BRDA:391,27,0,1
DA:392,1108
DA:393,1107
DA:401,1596
FN:401,LendingMarket.borrow
FNDA:1596,LendingMarket.borrow
DA:402,1595
BRDA:402,28,0,-
DA:403,1595
BRDA:403,29,0,-
DA:404,1595
BRDA:404,30,0,1
DA:405,1594
DA:407,1594
DA:410,1594
DA:411,1594
DA:412,1594
DA:414,1594
BRDA:414,31,0,1
DA:415,1593
BRDA:415,32,0,280
DA:416,1313
BRDA:416,33,0,493
DA:418,339
DA:419,339
DA:424,1194
FN:424,LendingMarket.repay
FNDA:1194,LendingMarket.repay
DA:425,1194
BRDA:425,34,0,-
DA:426,1194
DA:427,1194
DA:428,1194
BRDA:428,35,0,1158
DA:430,36
DA:431,36
BRDA:431,36,0,31
BRDA:431,36,1,5
DA:432,31
DA:433,31
DA:435,5
DA:436,5
DA:438,36
DA:439,36
DA:440,36
DA:442,36
DA:443,36
DA:450,1129
FN:450,LendingMarket.liquidate
FNDA:1129,LendingMarket.liquidate
DA:455,1129
BRDA:455,37,0,-
DA:456,1129
BRDA:456,38,0,1
DA:457,1128
DA:458,1128
BRDA:458,39,0,1123
DA:460,2
DA:461,2
DA:463,2
DA:464,2
DA:466,2
DA:467,2
DA:468,2
BRDA:468,40,0,1
DA:470,1
DA:471,1
DA:472,1
DA:475,2
DA:479,2
DA:480,2
DA:481,2
DA:482,2
DA:483,2
DA:486,2
DA:487,2
BRDA:487,41,0,1
DA:488,1
DA:489,1
DA:490,1
DA:491,1
DA:492,1
DA:493,1
DA:496,2
DA:497,2
DA:498,2
DA:502,1192
FN:502,LendingMarket.accrue
FNDA:1192,LendingMarket.accrue
DA:503,1192
DA:509,260
FN:509,LendingMarket.borrowAssetsOf
FNDA:260,LendingMarket.borrowAssetsOf
DA:510,260
DA:514,256
FN:514,LendingMarket.isHealthy
FNDA:256,LendingMarket.isHealthy
DA:515,256
DA:520,5278
FN:520,LendingMarket._borrowAssets
FNDA:5278,LendingMarket._borrowAssets
DA:521,5278
DA:522,5278
BRDA:522,42,0,3347
DA:523,1931
DA:524,1931
DA:529,3821
FN:529,LendingMarket._isHealthy
FNDA:3821,LendingMarket._isHealthy
DA:530,3821
DA:531,3821
BRDA:531,43,0,2188
DA:532,1633
DA:533,1134
FNF:23
FNH:23
LF:202
LH:202
BRF:45
BRH:34
end_of_record
TN:
SF:src/lending/LendingMarketFactory.sol
DA:65,9
FN:65,LendingMarketFactory.onlyProtocolRole
FNDA:9,LendingMarketFactory.onlyProtocolRole
DA:66,9
BRDA:66,0,0,1
DA:67,1
DA:73,10
FN:73,LendingMarketFactory.constructor
FNDA:10,LendingMarketFactory.constructor
DA:75,10
DA:76,9
DA:77,1
BRDA:77,1,0,1
DA:78,1
DA:80,9
DA:81,9
DA:82,9
DA:83,9
DA:90,9
FN:90,LendingMarketFactory.createMarket
FNDA:9,LendingMarketFactory.createMarket
DA:95,8
BRDA:95,2,0,1
DA:96,1
DA:99,7
DA:101,7
DA:120,6
DA:121,6
DA:122,6
DA:124,6
DA:128,1
FN:128,LendingMarketFactory.getMarkets
FNDA:1,LendingMarketFactory.getMarkets
DA:129,1
DA:133,3
FN:133,LendingMarketFactory.getMarketCount
FNDA:3,LendingMarketFactory.getMarketCount
DA:134,3
FNF:5
FNH:5
LF:25
LH:25
BRF:3
BRH:3
end_of_record
TN:
SF:src/lending/NavShareOracle.sol
DA:40,74
FN:40,NavShareOracle.constructor
FNDA:74,NavShareOracle.constructor
DA:41,74
BRDA:41,0,0,2
DA:42,72
DA:43,72
DA:49,2413
FN:49,NavShareOracle.priceCollateralUSDC
FNDA:2413,NavShareOracle.priceCollateralUSDC
DA:50,2414
DA:51,2414
BRDA:51,1,0,1
DA:52,2413
DA:53,1911
DA:59,2
FN:59,NavShareOracle.tryPriceCollateralUSDC
FNDA:2,NavShareOracle.tryPriceCollateralUSDC
DA:60,2
DA:61,2
DA:62,2
BRDA:62,2,0,1
DA:63,1
DA:67,1
FN:67,NavShareOracle.navPerShare
FNDA:1,NavShareOracle.navPerShare
DA:68,1
FNF:4
FNH:4
LF:16
LH:16
BRF:3
BRH:3
end_of_record
